{
  "uid" : "ba4fe016690eb72",
  "name" : "test_registration",
  "fullName" : "testproject.preconfig.test_registration.TestRegistration#test_registration",
  "historyId" : "67534c2da054cd00597188ea2c8f11c8",
  "time" : {
    "start" : 1628888574014,
    "stop" : 1628888576586,
    "duration" : 2572
  },
  "status" : "failed",
  "statusMessage" : "AssertionError: assert 0 > 0\n +  where 0 = len([])",
  "statusTrace" : "self = <test_registration.TestRegistration object at 0x7f560ed5c070>\n\n    def test_registration(self):\n        self.driver.get(\"http://localhost:1667/\")\n        self.driver.find_element(By.LINK_TEXT, \"Sign up\").click()\n        self.driver.find_element(By.XPATH, \"//input[@type=\\'text\\']\").send_keys(\"ntest2\")\n        self.driver.find_element(By.XPATH, \"(//input[@type=\\'text\\'])[2]\").send_keys(\"ntest2@ceg.hu\")\n        self.driver.find_element(By.XPATH, \"//input[@type=\\'password\\']\").send_keys(\"ntest222A\")\n        self.driver.find_element(By.XPATH, \"//button[contains(.,\\'Sign up\\')]\").click()\n        time.sleep(2)\n        reg = self.driver.find_elements(By.XPATH, \"//div[text()=\\\"Your registration was successful!\\\"]\")\n>       assert len(reg) > 0\nE       assert 0 > 0\nE        +  where 0 = len([])\n\ntestproject/preconfig/test_registration.py:34: AssertionError",
  "flaky" : false,
  "newFailed" : false,
  "beforeStages" : [ {
    "name" : "xunit_setup_method_fixture_TestRegistration",
    "time" : {
      "start" : 1628888572875,
      "stop" : 1628888574013,
      "duration" : 1138
    },
    "status" : "passed",
    "steps" : [ ],
    "attachments" : [ ],
    "parameters" : [ ],
    "stepsCount" : 0,
    "attachmentsCount" : 0,
    "shouldDisplayMessage" : false,
    "hasContent" : false
  } ],
  "afterStages" : [ {
    "name" : "xunit_setup_method_fixture_TestRegistration::0",
    "time" : {
      "start" : 1628888576624,
      "stop" : 1628888576680,
      "duration" : 56
    },
    "status" : "passed",
    "steps" : [ ],
    "attachments" : [ ],
    "parameters" : [ ],
    "stepsCount" : 0,
    "attachmentsCount" : 0,
    "shouldDisplayMessage" : false,
    "hasContent" : false
  } ],
  "labels" : [ {
    "name" : "parentSuite",
    "value" : "testproject.preconfig"
  }, {
    "name" : "suite",
    "value" : "test_registration"
  }, {
    "name" : "subSuite",
    "value" : "TestRegistration"
  }, {
    "name" : "host",
    "value" : "fv-az72-270"
  }, {
    "name" : "thread",
    "value" : "4020-MainThread"
  }, {
    "name" : "framework",
    "value" : "pytest"
  }, {
    "name" : "language",
    "value" : "cpython3"
  }, {
    "name" : "package",
    "value" : "testproject.preconfig.test_registration"
  }, {
    "name" : "resultFormat",
    "value" : "allure2"
  } ],
  "parameters" : [ ],
  "links" : [ ],
  "hidden" : false,
  "retry" : false,
  "extra" : {
    "severity" : "normal",
    "retries" : [ ],
    "categories" : [ {
      "name" : "Product defects",
      "matchedStatuses" : [ ],
      "flaky" : false
    } ],
    "tags" : [ ]
  },
  "source" : "ba4fe016690eb72.json",
  "parameterValues" : [ ]
}